rishav@developer:~$ cd prog/eudyptula/1/
rishav@developer:~/prog/eudyptula/1$ ls
hello.c  Makefile  Makefile.back  output.log
rishav@developer:~/prog/eudyptula/1$ uname -a
Linux developer 4.4.0-38-generic #57-Ubuntu SMP Tue Sep 6 15:42:33 UTC 2016 x86_64 x86_64 x86_64 GNU/Linux
rishav@developer:~/prog/eudyptula/1$ make
make -C /lib/modules/4.4.0-38-generic/build M=/home/rishav/prog/eudyptula/1 modules 
make[1]: Entering directory '/usr/src/linux-headers-4.4.0-38-generic'
  CC [M]  /home/rishav/prog/eudyptula/1/hello.o
  Building modules, stage 2.
  MODPOST 1 modules
  CC      /home/rishav/prog/eudyptula/1/hello.mod.o
  LD [M]  /home/rishav/prog/eudyptula/1/hello.ko
make[1]: Leaving directory '/usr/src/linux-headers-4.4.0-38-generic'
rishav@developer:~/prog/eudyptula/1$ ls
hello.c  hello.ko  hello.mod.c  hello.mod.o  hello.o  Makefile  Makefile.back  modules.order  Module.symvers  output.log
rishav@developer:~/prog/eudyptula/1$ dmesg | tail
[   20.059103] Bluetooth: BNEP socket layer initialized
[   25.773074] IPv6: ADDRCONF(NETDEV_UP): wlp12s0: link is not ready
[   25.778557] IPv6: ADDRCONF(NETDEV_UP): enp9s0: link is not ready
[   25.781209] sky2 0000:09:00.0 enp9s0: enabling interface
[   25.781338] IPv6: ADDRCONF(NETDEV_UP): enp9s0: link is not ready
[   43.876277] Bluetooth: RFCOMM TTY layer initialized
[   43.876291] Bluetooth: RFCOMM socket layer initialized
[   43.876300] Bluetooth: RFCOMM ver 1.11
[   85.020663] CE: hpet increased min_delta_ns to 20115 nsec
[   94.729361] [UFW BLOCK] IN=wlp12s0 OUT= MAC=00:24:2c:7b:89:5f:00:17:7c:4b:2c:cf:08:00 SRC=192.168.2.1 DST=224.0.0.1 LEN=32 TOS=0x00 PREC=0x00 TTL=1 ID=27196 PROTO=2 
rishav@developer:~/prog/eudyptula/1$ sudo insmod hello.ko 
[sudo] password for rishav: 
rishav@developer:~/prog/eudyptula/1$ dmesg | tail
[   25.773074] IPv6: ADDRCONF(NETDEV_UP): wlp12s0: link is not ready
[   25.778557] IPv6: ADDRCONF(NETDEV_UP): enp9s0: link is not ready
[   25.781209] sky2 0000:09:00.0 enp9s0: enabling interface
[   25.781338] IPv6: ADDRCONF(NETDEV_UP): enp9s0: link is not ready
[   43.876277] Bluetooth: RFCOMM TTY layer initialized
[   43.876291] Bluetooth: RFCOMM socket layer initialized
[   43.876300] Bluetooth: RFCOMM ver 1.11
[   85.020663] CE: hpet increased min_delta_ns to 20115 nsec
[   94.729361] [UFW BLOCK] IN=wlp12s0 OUT= MAC=00:24:2c:7b:89:5f:00:17:7c:4b:2c:cf:08:00 SRC=192.168.2.1 DST=224.0.0.1 LEN=32 TOS=0x00 PREC=0x00 TTL=1 ID=27196 PROTO=2 
[  114.380307] Hello World!
rishav@developer:~/prog/eudyptula/1$ sudo rmmod hello 
rishav@developer:~/prog/eudyptula/1$ dmesg | tail
[   25.778557] IPv6: ADDRCONF(NETDEV_UP): enp9s0: link is not ready
[   25.781209] sky2 0000:09:00.0 enp9s0: enabling interface
[   25.781338] IPv6: ADDRCONF(NETDEV_UP): enp9s0: link is not ready
[   43.876277] Bluetooth: RFCOMM TTY layer initialized
[   43.876291] Bluetooth: RFCOMM socket layer initialized
[   43.876300] Bluetooth: RFCOMM ver 1.11
[   85.020663] CE: hpet increased min_delta_ns to 20115 nsec
[   94.729361] [UFW BLOCK] IN=wlp12s0 OUT= MAC=00:24:2c:7b:89:5f:00:17:7c:4b:2c:cf:08:00 SRC=192.168.2.1 DST=224.0.0.1 LEN=32 TOS=0x00 PREC=0x00 TTL=1 ID=27196 PROTO=2 
[  114.380307] Hello World!
[  134.768702] Unloading Hello
rishav@developer:~/prog/eudyptula/1$ export K_SRC=/lib/modules/4.4.0-34-generic/build
rishav@developer:~/prog/eudyptula/1$ make
make -C /lib/modules/4.4.0-34-generic/build M=/home/rishav/prog/eudyptula/1 modules
make[1]: Entering directory '/usr/src/linux-headers-4.4.0-34-generic'
  Building modules, stage 2.
  MODPOST 1 modules
make[1]: Leaving directory '/usr/src/linux-headers-4.4.0-34-generic'
rishav@developer:~/prog/eudyptula/1$ ls
hello.c  hello.ko  hello.mod.c  hello.mod.o  hello.o  Makefile  Makefile.back  modules.order  Module.symvers  output.log
rishav@developer:~/prog/eudyptula/1$ export K_SRC=/lib/modules/4.4.0-36-generic/
build/               modules.alias        modules.builtin.bin  modules.devname      modules.symbols      vdso/
initrd/              modules.alias.bin    modules.dep          modules.order        modules.symbols.bin  
kernel/              modules.builtin      modules.dep.bin      modules.softdep      updates/             
rishav@developer:~/prog/eudyptula/1$ export K_SRC=/lib/modules/4.4.0-36-generic/build
rishav@developer:~/prog/eudyptula/1$ make 
make -C /lib/modules/4.4.0-36-generic/build M=/home/rishav/prog/eudyptula/1 modules
make[1]: Entering directory '/usr/src/linux-headers-4.4.0-36-generic'
  Building modules, stage 2.
  MODPOST 1 modules
make[1]: Leaving directory '/usr/src/linux-headers-4.4.0-36-generic'
rishav@developer:~/prog/eudyptula/1$ unset K_SRC
rishav@developer:~/prog/eudyptula/1$ make 
make -C /lib/modules/4.4.0-38-generic/build M=/home/rishav/prog/eudyptula/1 modules 
make[1]: Entering directory '/usr/src/linux-headers-4.4.0-38-generic'
  Building modules, stage 2.
  MODPOST 1 modules
make[1]: Leaving directory '/usr/src/linux-headers-4.4.0-38-generic'
rishav@developer:~/prog/eudyptula/1$ 
